<?xml version="1.0" encoding="UTF-8"?>
<!-- Generated by org.testng.reporters.JUnitXMLReporter -->
<testsuite hostname="G-MacBook-Pro.local" ignored="19" tests="2" failures="1" timestamp="2020-03-18T04:42:19 GMT" time="11.16" errors="0">
  <testcase name="setUp" time="4.632" classname="GammaTestSelenium"/>
  <testcase name="testG059" time="6.524" classname="Checkout">
    <failure type="org.openqa.selenium.NoSuchElementException" message="no such element: Unable to locate element: {&amp;quot;method&amp;quot;:&amp;quot;xpath&amp;quot;,&amp;quot;selector&amp;quot;:&amp;quot;// *[@id=&amp;quot;forced-fail&amp;quot;]&amp;quot;}
  (Session info: chrome=80.0.3987.122)
For documentation on this error, please visit: https://www.seleniumhq.org/exceptions/no_such_element.html
Build info: version: &amp;apos;3.141.59&amp;apos;, revision: &amp;apos;e82be7d358&amp;apos;, time: &amp;apos;2018-11-14T08:25:48&amp;apos;
System info: host: &amp;apos;G-MacBook-Pro.local&amp;apos;, ip: &amp;apos;fe80:0:0:0:1c09:b99:9827:350a%en0&amp;apos;, os.name: &amp;apos;Mac OS X&amp;apos;, os.arch: &amp;apos;x86_64&amp;apos;, os.version: &amp;apos;10.15.3&amp;apos;, java.version: &amp;apos;1.8.0_111&amp;apos;
Driver info: org.openqa.selenium.chrome.ChromeDriver
Capabilities {acceptInsecureCerts: false, browserName: chrome, browserVersion: 80.0.3987.122, chrome: {chromedriverVersion: 79.0.3945.36 (3582db32b3389..., userDataDir: /var/folders/8b/xt9v49tx5m5...}, goog:chromeOptions: {debuggerAddress: localhost:49755}, javascriptEnabled: true, networkConnectionEnabled: false, pageLoadStrategy: normal, platform: MAC, platformName: MAC, proxy: Proxy(), setWindowRect: true, strictFileInteractability: false, timeouts: {implicit: 0, pageLoad: 300000, script: 30000}, unhandledPromptBehavior: dismiss and notify}
Session ID: 7e83db5f00f81b90737e10be4e7b7488
*** Element info: {Using=xpath, value=// *[@id=&amp;quot;forced-fail&amp;quot;]}">
      <![CDATA[org.openqa.selenium.NoSuchElementException: no such element: Unable to locate element: {"method":"xpath","selector":"// *[@id="forced-fail"]"}
  (Session info: chrome=80.0.3987.122)
For documentation on this error, please visit: https://www.seleniumhq.org/exceptions/no_such_element.html
Build info: version: '3.141.59', revision: 'e82be7d358', time: '2018-11-14T08:25:48'
System info: host: 'G-MacBook-Pro.local', ip: 'fe80:0:0:0:1c09:b99:9827:350a%en0', os.name: 'Mac OS X', os.arch: 'x86_64', os.version: '10.15.3', java.version: '1.8.0_111'
Driver info: org.openqa.selenium.chrome.ChromeDriver
Capabilities {acceptInsecureCerts: false, browserName: chrome, browserVersion: 80.0.3987.122, chrome: {chromedriverVersion: 79.0.3945.36 (3582db32b3389..., userDataDir: /var/folders/8b/xt9v49tx5m5...}, goog:chromeOptions: {debuggerAddress: localhost:49755}, javascriptEnabled: true, networkConnectionEnabled: false, pageLoadStrategy: normal, platform: MAC, platformName: MAC, proxy: Proxy(), setWindowRect: true, strictFileInteractability: false, timeouts: {implicit: 0, pageLoad: 300000, script: 30000}, unhandledPromptBehavior: dismiss and notify}
Session ID: 7e83db5f00f81b90737e10be4e7b7488
*** Element info: {Using=xpath, value=// *[@id="forced-fail"]}
at org.openqa.selenium.remote.http.W3CHttpResponseCodec.createException(W3CHttpResponseCodec.java:187)
at org.openqa.selenium.remote.http.W3CHttpResponseCodec.decode(W3CHttpResponseCodec.java:122)
at org.openqa.selenium.remote.http.W3CHttpResponseCodec.decode(W3CHttpResponseCodec.java:49)
at org.openqa.selenium.remote.HttpCommandExecutor.execute(HttpCommandExecutor.java:158)
at org.openqa.selenium.remote.service.DriverCommandExecutor.execute(DriverCommandExecutor.java:83)
at org.openqa.selenium.remote.RemoteWebDriver.execute(RemoteWebDriver.java:552)
at org.openqa.selenium.remote.RemoteWebDriver.findElement(RemoteWebDriver.java:323)
at org.openqa.selenium.remote.RemoteWebDriver.findElementByXPath(RemoteWebDriver.java:428)
at org.openqa.selenium.By$ByXPath.findElement(By.java:353)
at org.openqa.selenium.remote.RemoteWebDriver.findElement(RemoteWebDriver.java:315)
at Checkout.testG059(Checkout.java:298)
at java.util.ArrayList.forEach(ArrayList.java:1249)
... Removed 30 stack frames]]>
    </failure>
  </testcase> <!-- testG059 -->
  <testcase name="testG042" time="0.0" classname="Checkout">
    <ignored/>
  </testcase> <!-- testG042 -->
  <testcase name="testG053" time="0.0" classname="Checkout">
    <ignored/>
  </testcase> <!-- testG053 -->
  <testcase name="testG049" time="0.0" classname="Checkout">
    <ignored/>
  </testcase> <!-- testG049 -->
  <testcase name="testG045" time="0.0" classname="Checkout">
    <ignored/>
  </testcase> <!-- testG045 -->
  <testcase name="testG056" time="0.0" classname="Checkout">
    <ignored/>
  </testcase> <!-- testG056 -->
  <testcase name="testG048" time="0.0" classname="Checkout">
    <ignored/>
  </testcase> <!-- testG048 -->
  <testcase name="testG047" time="0.0" classname="Checkout">
    <ignored/>
  </testcase> <!-- testG047 -->
  <testcase name="testG058" time="0.0" classname="Checkout">
    <ignored/>
  </testcase> <!-- testG058 -->
  <testcase name="testG052" time="0.0" classname="Checkout">
    <ignored/>
  </testcase> <!-- testG052 -->
  <testcase name="testG044" time="0.0" classname="Checkout">
    <ignored/>
  </testcase> <!-- testG044 -->
  <testcase name="testG055" time="0.0" classname="Checkout">
    <ignored/>
  </testcase> <!-- testG055 -->
  <testcase name="endOfTests" time="0.0" classname="GammaTestSelenium">
    <ignored/>
  </testcase> <!-- endOfTests -->
  <testcase name="testG043" time="0.0" classname="Checkout">
    <ignored/>
  </testcase> <!-- testG043 -->
  <testcase name="testG054" time="0.0" classname="Checkout">
    <ignored/>
  </testcase> <!-- testG054 -->
  <testcase name="testG046" time="0.0" classname="Checkout">
    <ignored/>
  </testcase> <!-- testG046 -->
  <testcase name="testG057" time="0.0" classname="Checkout">
    <ignored/>
  </testcase> <!-- testG057 -->
  <testcase name="shutDown" time="0.0" classname="GammaTestSelenium">
    <ignored/>
  </testcase> <!-- shutDown -->
  <testcase name="testG051" time="0.0" classname="Checkout">
    <ignored/>
  </testcase> <!-- testG051 -->
  <testcase name="testG050" time="0.0" classname="Checkout">
    <ignored/>
  </testcase> <!-- testG050 -->
</testsuite>
